[12-Feb-2018 22:39:25 UTC] PHP Warning:  ucfirst() expects parameter 1 to be string, array given in /home/ubuntu/workspace/elmanzo/practice/php_arrays.php on line 16
[12-Feb-2018 22:39:25 UTC] PHP Stack trace:
[12-Feb-2018 22:39:25 UTC] PHP   1. {main}() /home/ubuntu/workspace/elmanzo/practice/php_arrays.php:0
[12-Feb-2018 22:39:25 UTC] PHP   2. ucfirst() /home/ubuntu/workspace/elmanzo/practice/php_arrays.php:16
[12-Feb-2018 22:39:25 UTC] PHP Warning:  ucfirst() expects parameter 1 to be string, array given in /home/ubuntu/workspace/elmanzo/practice/php_arrays.php on line 16
[12-Feb-2018 22:39:25 UTC] PHP Stack trace:
[12-Feb-2018 22:39:25 UTC] PHP   1. {main}() /home/ubuntu/workspace/elmanzo/practice/php_arrays.php:0
[12-Feb-2018 22:39:25 UTC] PHP   2. ucfirst() /home/ubuntu/workspace/elmanzo/practice/php_arrays.php:16
[12-Feb-2018 22:40:07 UTC] PHP Warning:  ucfirst() expects parameter 1 to be string, array given in /home/ubuntu/workspace/elmanzo/practice/php_arrays.php on line 16
[12-Feb-2018 22:40:07 UTC] PHP Stack trace:
[12-Feb-2018 22:40:07 UTC] PHP   1. {main}() /home/ubuntu/workspace/elmanzo/practice/php_arrays.php:0
[12-Feb-2018 22:40:07 UTC] PHP   2. ucfirst() /home/ubuntu/workspace/elmanzo/practice/php_arrays.php:16
[12-Feb-2018 22:40:07 UTC] PHP Warning:  ucfirst() expects parameter 1 to be string, array given in /home/ubuntu/workspace/elmanzo/practice/php_arrays.php on line 16
[12-Feb-2018 22:40:07 UTC] PHP Stack trace:
[12-Feb-2018 22:40:07 UTC] PHP   1. {main}() /home/ubuntu/workspace/elmanzo/practice/php_arrays.php:0
[12-Feb-2018 22:40:07 UTC] PHP   2. ucfirst() /home/ubuntu/workspace/elmanzo/practice/php_arrays.php:16
[12-Feb-2018 22:41:48 UTC] PHP Warning:  ucfirst() expects parameter 1 to be string, array given in /home/ubuntu/workspace/elmanzo/practice/php_arrays.php on line 16
[12-Feb-2018 22:41:48 UTC] PHP Stack trace:
[12-Feb-2018 22:41:48 UTC] PHP   1. {main}() /home/ubuntu/workspace/elmanzo/practice/php_arrays.php:0
[12-Feb-2018 22:41:48 UTC] PHP   2. ucfirst() /home/ubuntu/workspace/elmanzo/practice/php_arrays.php:16
[12-Feb-2018 22:41:48 UTC] PHP Warning:  ucfirst() expects parameter 1 to be string, array given in /home/ubuntu/workspace/elmanzo/practice/php_arrays.php on line 16
[12-Feb-2018 22:41:48 UTC] PHP Stack trace:
[12-Feb-2018 22:41:48 UTC] PHP   1. {main}() /home/ubuntu/workspace/elmanzo/practice/php_arrays.php:0
[12-Feb-2018 22:41:48 UTC] PHP   2. ucfirst() /home/ubuntu/workspace/elmanzo/practice/php_arrays.php:16
[12-Feb-2018 22:42:08 UTC] PHP Warning:  ucfirst() expects parameter 1 to be string, array given in /home/ubuntu/workspace/elmanzo/practice/php_arrays.php on line 16
[12-Feb-2018 22:42:08 UTC] PHP Stack trace:
[12-Feb-2018 22:42:08 UTC] PHP   1. {main}() /home/ubuntu/workspace/elmanzo/practice/php_arrays.php:0
[12-Feb-2018 22:42:08 UTC] PHP   2. ucfirst() /home/ubuntu/workspace/elmanzo/practice/php_arrays.php:16
[12-Feb-2018 22:42:08 UTC] PHP Warning:  ucfirst() expects parameter 1 to be string, array given in /home/ubuntu/workspace/elmanzo/practice/php_arrays.php on line 16
[12-Feb-2018 22:42:08 UTC] PHP Stack trace:
[12-Feb-2018 22:42:08 UTC] PHP   1. {main}() /home/ubuntu/workspace/elmanzo/practice/php_arrays.php:0
[12-Feb-2018 22:42:08 UTC] PHP   2. ucfirst() /home/ubuntu/workspace/elmanzo/practice/php_arrays.php:16
[12-Feb-2018 22:42:09 UTC] PHP Warning:  ucfirst() expects parameter 1 to be string, array given in /home/ubuntu/workspace/elmanzo/practice/php_arrays.php on line 16
[12-Feb-2018 22:42:09 UTC] PHP Stack trace:
[12-Feb-2018 22:42:09 UTC] PHP   1. {main}() /home/ubuntu/workspace/elmanzo/practice/php_arrays.php:0
[12-Feb-2018 22:42:09 UTC] PHP   2. ucfirst() /home/ubuntu/workspace/elmanzo/practice/php_arrays.php:16
[12-Feb-2018 22:42:09 UTC] PHP Warning:  ucfirst() expects parameter 1 to be string, array given in /home/ubuntu/workspace/elmanzo/practice/php_arrays.php on line 16
[12-Feb-2018 22:42:09 UTC] PHP Stack trace:
[12-Feb-2018 22:42:09 UTC] PHP   1. {main}() /home/ubuntu/workspace/elmanzo/practice/php_arrays.php:0
[12-Feb-2018 22:42:09 UTC] PHP   2. ucfirst() /home/ubuntu/workspace/elmanzo/practice/php_arrays.php:16
[12-Feb-2018 22:42:33 UTC] PHP Warning:  ucfirst() expects parameter 1 to be string, array given in /home/ubuntu/workspace/elmanzo/practice/php_arrays.php on line 16
[12-Feb-2018 22:42:33 UTC] PHP Stack trace:
[12-Feb-2018 22:42:33 UTC] PHP   1. {main}() /home/ubuntu/workspace/elmanzo/practice/php_arrays.php:0
[12-Feb-2018 22:42:33 UTC] PHP   2. ucfirst() /home/ubuntu/workspace/elmanzo/practice/php_arrays.php:16
[12-Feb-2018 22:42:33 UTC] PHP Warning:  ucfirst() expects parameter 1 to be string, array given in /home/ubuntu/workspace/elmanzo/practice/php_arrays.php on line 16
[12-Feb-2018 22:42:33 UTC] PHP Stack trace:
[12-Feb-2018 22:42:33 UTC] PHP   1. {main}() /home/ubuntu/workspace/elmanzo/practice/php_arrays.php:0
[12-Feb-2018 22:42:33 UTC] PHP   2. ucfirst() /home/ubuntu/workspace/elmanzo/practice/php_arrays.php:16
[12-Feb-2018 22:44:13 UTC] PHP Warning:  ucfirst() expects parameter 1 to be string, array given in /home/ubuntu/workspace/elmanzo/practice/php_arrays.php on line 16
[12-Feb-2018 22:44:13 UTC] PHP Stack trace:
[12-Feb-2018 22:44:13 UTC] PHP   1. {main}() /home/ubuntu/workspace/elmanzo/practice/php_arrays.php:0
[12-Feb-2018 22:44:13 UTC] PHP   2. ucfirst() /home/ubuntu/workspace/elmanzo/practice/php_arrays.php:16
[12-Feb-2018 22:44:13 UTC] PHP Warning:  ucfirst() expects parameter 1 to be string, array given in /home/ubuntu/workspace/elmanzo/practice/php_arrays.php on line 16
[12-Feb-2018 22:44:13 UTC] PHP Stack trace:
[12-Feb-2018 22:44:13 UTC] PHP   1. {main}() /home/ubuntu/workspace/elmanzo/practice/php_arrays.php:0
[12-Feb-2018 22:44:13 UTC] PHP   2. ucfirst() /home/ubuntu/workspace/elmanzo/practice/php_arrays.php:16
[17-Feb-2018 19:26:55 UTC] PHP Parse error:  syntax error, unexpected '}' in /home/ubuntu/workspace/elmanzo/lab2/inc/functions.php on line 16
[17-Feb-2018 19:26:55 UTC] PHP Stack trace:
[17-Feb-2018 19:26:55 UTC] PHP   1. {main}() /home/ubuntu/workspace/elmanzo/lab2/index.php:0
[17-Feb-2018 19:27:55 UTC] PHP Warning:  Missing argument 2 for displaySymbol(), called in /home/ubuntu/workspace/elmanzo/lab2/inc/functions.php on line 42 and defined in /home/ubuntu/workspace/elmanzo/lab2/inc/functions.php on line 2
[17-Feb-2018 19:27:55 UTC] PHP Stack trace:
[17-Feb-2018 19:27:55 UTC] PHP   1. {main}() /home/ubuntu/workspace/elmanzo/lab2/index.php:0
[17-Feb-2018 19:27:55 UTC] PHP   2. play() /home/ubuntu/workspace/elmanzo/lab2/index.php:17
[17-Feb-2018 19:27:55 UTC] PHP   3. displaySymbol() /home/ubuntu/workspace/elmanzo/lab2/inc/functions.php:42
[17-Feb-2018 19:27:55 UTC] PHP Warning:  Missing argument 2 for displaySymbol(), called in /home/ubuntu/workspace/elmanzo/lab2/inc/functions.php on line 42 and defined in /home/ubuntu/workspace/elmanzo/lab2/inc/functions.php on line 2
[17-Feb-2018 19:27:55 UTC] PHP Stack trace:
[17-Feb-2018 19:27:55 UTC] PHP   1. {main}() /home/ubuntu/workspace/elmanzo/lab2/index.php:0
[17-Feb-2018 19:27:55 UTC] PHP   2. play() /home/ubuntu/workspace/elmanzo/lab2/index.php:17
[17-Feb-2018 19:27:55 UTC] PHP   3. displaySymbol() /home/ubuntu/workspace/elmanzo/lab2/inc/functions.php:42
[17-Feb-2018 19:27:55 UTC] PHP Warning:  Missing argument 2 for displaySymbol(), called in /home/ubuntu/workspace/elmanzo/lab2/inc/functions.php on line 42 and defined in /home/ubuntu/workspace/elmanzo/lab2/inc/functions.php on line 2
[17-Feb-2018 19:27:55 UTC] PHP Stack trace:
[17-Feb-2018 19:27:55 UTC] PHP   1. {main}() /home/ubuntu/workspace/elmanzo/lab2/index.php:0
[17-Feb-2018 19:27:55 UTC] PHP   2. play() /home/ubuntu/workspace/elmanzo/lab2/index.php:17
[17-Feb-2018 19:27:55 UTC] PHP   3. displaySymbol() /home/ubuntu/workspace/elmanzo/lab2/inc/functions.php:42
[17-Feb-2018 19:30:30 UTC] PHP Warning:  Missing argument 2 for displaySymbol(), called in /home/ubuntu/workspace/elmanzo/lab2/inc/functions.php on line 42 and defined in /home/ubuntu/workspace/elmanzo/lab2/inc/functions.php on line 2
[17-Feb-2018 19:30:30 UTC] PHP Stack trace:
[17-Feb-2018 19:30:30 UTC] PHP   1. {main}() /home/ubuntu/workspace/elmanzo/lab2/index.php:0
[17-Feb-2018 19:30:30 UTC] PHP   2. play() /home/ubuntu/workspace/elmanzo/lab2/index.php:17
[17-Feb-2018 19:30:30 UTC] PHP   3. displaySymbol() /home/ubuntu/workspace/elmanzo/lab2/inc/functions.php:42
[17-Feb-2018 19:30:30 UTC] PHP Warning:  Missing argument 2 for displaySymbol(), called in /home/ubuntu/workspace/elmanzo/lab2/inc/functions.php on line 42 and defined in /home/ubuntu/workspace/elmanzo/lab2/inc/functions.php on line 2
[17-Feb-2018 19:30:30 UTC] PHP Stack trace:
[17-Feb-2018 19:30:30 UTC] PHP   1. {main}() /home/ubuntu/workspace/elmanzo/lab2/index.php:0
[17-Feb-2018 19:30:30 UTC] PHP   2. play() /home/ubuntu/workspace/elmanzo/lab2/index.php:17
[17-Feb-2018 19:30:30 UTC] PHP   3. displaySymbol() /home/ubuntu/workspace/elmanzo/lab2/inc/functions.php:42
[17-Feb-2018 19:30:30 UTC] PHP Warning:  Missing argument 2 for displaySymbol(), called in /home/ubuntu/workspace/elmanzo/lab2/inc/functions.php on line 42 and defined in /home/ubuntu/workspace/elmanzo/lab2/inc/functions.php on line 2
[17-Feb-2018 19:30:30 UTC] PHP Stack trace:
[17-Feb-2018 19:30:30 UTC] PHP   1. {main}() /home/ubuntu/workspace/elmanzo/lab2/index.php:0
[17-Feb-2018 19:30:30 UTC] PHP   2. play() /home/ubuntu/workspace/elmanzo/lab2/index.php:17
[17-Feb-2018 19:30:30 UTC] PHP   3. displaySymbol() /home/ubuntu/workspace/elmanzo/lab2/inc/functions.php:42
[17-Feb-2018 19:30:31 UTC] PHP Warning:  Missing argument 2 for displaySymbol(), called in /home/ubuntu/workspace/elmanzo/lab2/inc/functions.php on line 42 and defined in /home/ubuntu/workspace/elmanzo/lab2/inc/functions.php on line 2
[17-Feb-2018 19:30:31 UTC] PHP Stack trace:
[17-Feb-2018 19:30:31 UTC] PHP   1. {main}() /home/ubuntu/workspace/elmanzo/lab2/index.php:0
[17-Feb-2018 19:30:31 UTC] PHP   2. play() /home/ubuntu/workspace/elmanzo/lab2/index.php:17
[17-Feb-2018 19:30:31 UTC] PHP   3. displaySymbol() /home/ubuntu/workspace/elmanzo/lab2/inc/functions.php:42
[17-Feb-2018 19:30:31 UTC] PHP Warning:  Missing argument 2 for displaySymbol(), called in /home/ubuntu/workspace/elmanzo/lab2/inc/functions.php on line 42 and defined in /home/ubuntu/workspace/elmanzo/lab2/inc/functions.php on line 2
[17-Feb-2018 19:30:31 UTC] PHP Stack trace:
[17-Feb-2018 19:30:31 UTC] PHP   1. {main}() /home/ubuntu/workspace/elmanzo/lab2/index.php:0
[17-Feb-2018 19:30:31 UTC] PHP   2. play() /home/ubuntu/workspace/elmanzo/lab2/index.php:17
[17-Feb-2018 19:30:31 UTC] PHP   3. displaySymbol() /home/ubuntu/workspace/elmanzo/lab2/inc/functions.php:42
[17-Feb-2018 19:30:31 UTC] PHP Warning:  Missing argument 2 for displaySymbol(), called in /home/ubuntu/workspace/elmanzo/lab2/inc/functions.php on line 42 and defined in /home/ubuntu/workspace/elmanzo/lab2/inc/functions.php on line 2
[17-Feb-2018 19:30:31 UTC] PHP Stack trace:
[17-Feb-2018 19:30:31 UTC] PHP   1. {main}() /home/ubuntu/workspace/elmanzo/lab2/index.php:0
[17-Feb-2018 19:30:31 UTC] PHP   2. play() /home/ubuntu/workspace/elmanzo/lab2/index.php:17
[17-Feb-2018 19:30:31 UTC] PHP   3. displaySymbol() /home/ubuntu/workspace/elmanzo/lab2/inc/functions.php:42
[17-Feb-2018 19:30:32 UTC] PHP Warning:  Missing argument 2 for displaySymbol(), called in /home/ubuntu/workspace/elmanzo/lab2/inc/functions.php on line 42 and defined in /home/ubuntu/workspace/elmanzo/lab2/inc/functions.php on line 2
[17-Feb-2018 19:30:32 UTC] PHP Stack trace:
[17-Feb-2018 19:30:32 UTC] PHP   1. {main}() /home/ubuntu/workspace/elmanzo/lab2/index.php:0
[17-Feb-2018 19:30:32 UTC] PHP   2. play() /home/ubuntu/workspace/elmanzo/lab2/index.php:17
[17-Feb-2018 19:30:32 UTC] PHP   3. displaySymbol() /home/ubuntu/workspace/elmanzo/lab2/inc/functions.php:42
[17-Feb-2018 19:30:32 UTC] PHP Warning:  Missing argument 2 for displaySymbol(), called in /home/ubuntu/workspace/elmanzo/lab2/inc/functions.php on line 42 and defined in /home/ubuntu/workspace/elmanzo/lab2/inc/functions.php on line 2
[17-Feb-2018 19:30:32 UTC] PHP Stack trace:
[17-Feb-2018 19:30:32 UTC] PHP   1. {main}() /home/ubuntu/workspace/elmanzo/lab2/index.php:0
[17-Feb-2018 19:30:32 UTC] PHP   2. play() /home/ubuntu/workspace/elmanzo/lab2/index.php:17
[17-Feb-2018 19:30:32 UTC] PHP   3. displaySymbol() /home/ubuntu/workspace/elmanzo/lab2/inc/functions.php:42
[17-Feb-2018 19:30:32 UTC] PHP Warning:  Missing argument 2 for displaySymbol(), called in /home/ubuntu/workspace/elmanzo/lab2/inc/functions.php on line 42 and defined in /home/ubuntu/workspace/elmanzo/lab2/inc/functions.php on line 2
[17-Feb-2018 19:30:32 UTC] PHP Stack trace:
[17-Feb-2018 19:30:32 UTC] PHP   1. {main}() /home/ubuntu/workspace/elmanzo/lab2/index.php:0
[17-Feb-2018 19:30:32 UTC] PHP   2. play() /home/ubuntu/workspace/elmanzo/lab2/index.php:17
[17-Feb-2018 19:30:32 UTC] PHP   3. displaySymbol() /home/ubuntu/workspace/elmanzo/lab2/inc/functions.php:42
[17-Feb-2018 19:30:32 UTC] PHP Warning:  Missing argument 2 for displaySymbol(), called in /home/ubuntu/workspace/elmanzo/lab2/inc/functions.php on line 42 and defined in /home/ubuntu/workspace/elmanzo/lab2/inc/functions.php on line 2
[17-Feb-2018 19:30:32 UTC] PHP Stack trace:
[17-Feb-2018 19:30:32 UTC] PHP   1. {main}() /home/ubuntu/workspace/elmanzo/lab2/index.php:0
[17-Feb-2018 19:30:32 UTC] PHP   2. play() /home/ubuntu/workspace/elmanzo/lab2/index.php:17
[17-Feb-2018 19:30:32 UTC] PHP   3. displaySymbol() /home/ubuntu/workspace/elmanzo/lab2/inc/functions.php:42
[17-Feb-2018 19:30:32 UTC] PHP Warning:  Missing argument 2 for displaySymbol(), called in /home/ubuntu/workspace/elmanzo/lab2/inc/functions.php on line 42 and defined in /home/ubuntu/workspace/elmanzo/lab2/inc/functions.php on line 2
[17-Feb-2018 19:30:32 UTC] PHP Stack trace:
[17-Feb-2018 19:30:32 UTC] PHP   1. {main}() /home/ubuntu/workspace/elmanzo/lab2/index.php:0
[17-Feb-2018 19:30:32 UTC] PHP   2. play() /home/ubuntu/workspace/elmanzo/lab2/index.php:17
[17-Feb-2018 19:30:32 UTC] PHP   3. displaySymbol() /home/ubuntu/workspace/elmanzo/lab2/inc/functions.php:42
[17-Feb-2018 19:30:32 UTC] PHP Warning:  Missing argument 2 for displaySymbol(), called in /home/ubuntu/workspace/elmanzo/lab2/inc/functions.php on line 42 and defined in /home/ubuntu/workspace/elmanzo/lab2/inc/functions.php on line 2
[17-Feb-2018 19:30:32 UTC] PHP Stack trace:
[17-Feb-2018 19:30:32 UTC] PHP   1. {main}() /home/ubuntu/workspace/elmanzo/lab2/index.php:0
[17-Feb-2018 19:30:32 UTC] PHP   2. play() /home/ubuntu/workspace/elmanzo/lab2/index.php:17
[17-Feb-2018 19:30:32 UTC] PHP   3. displaySymbol() /home/ubuntu/workspace/elmanzo/lab2/inc/functions.php:42
[17-Feb-2018 19:30:33 UTC] PHP Warning:  Missing argument 2 for displaySymbol(), called in /home/ubuntu/workspace/elmanzo/lab2/inc/functions.php on line 42 and defined in /home/ubuntu/workspace/elmanzo/lab2/inc/functions.php on line 2
[17-Feb-2018 19:30:33 UTC] PHP Stack trace:
[17-Feb-2018 19:30:33 UTC] PHP   1. {main}() /home/ubuntu/workspace/elmanzo/lab2/index.php:0
[17-Feb-2018 19:30:33 UTC] PHP   2. play() /home/ubuntu/workspace/elmanzo/lab2/index.php:17
[17-Feb-2018 19:30:33 UTC] PHP   3. displaySymbol() /home/ubuntu/workspace/elmanzo/lab2/inc/functions.php:42
[17-Feb-2018 19:30:33 UTC] PHP Warning:  Missing argument 2 for displaySymbol(), called in /home/ubuntu/workspace/elmanzo/lab2/inc/functions.php on line 42 and defined in /home/ubuntu/workspace/elmanzo/lab2/inc/functions.php on line 2
[17-Feb-2018 19:30:33 UTC] PHP Stack trace:
[17-Feb-2018 19:30:33 UTC] PHP   1. {main}() /home/ubuntu/workspace/elmanzo/lab2/index.php:0
[17-Feb-2018 19:30:33 UTC] PHP   2. play() /home/ubuntu/workspace/elmanzo/lab2/index.php:17
[17-Feb-2018 19:30:33 UTC] PHP   3. displaySymbol() /home/ubuntu/workspace/elmanzo/lab2/inc/functions.php:42
[17-Feb-2018 19:30:33 UTC] PHP Warning:  Missing argument 2 for displaySymbol(), called in /home/ubuntu/workspace/elmanzo/lab2/inc/functions.php on line 42 and defined in /home/ubuntu/workspace/elmanzo/lab2/inc/functions.php on line 2
[17-Feb-2018 19:30:33 UTC] PHP Stack trace:
[17-Feb-2018 19:30:33 UTC] PHP   1. {main}() /home/ubuntu/workspace/elmanzo/lab2/index.php:0
[17-Feb-2018 19:30:33 UTC] PHP   2. play() /home/ubuntu/workspace/elmanzo/lab2/index.php:17
[17-Feb-2018 19:30:33 UTC] PHP   3. displaySymbol() /home/ubuntu/workspace/elmanzo/lab2/inc/functions.php:42
[17-Feb-2018 19:30:33 UTC] PHP Warning:  Missing argument 2 for displaySymbol(), called in /home/ubuntu/workspace/elmanzo/lab2/inc/functions.php on line 42 and defined in /home/ubuntu/workspace/elmanzo/lab2/inc/functions.php on line 2
[17-Feb-2018 19:30:33 UTC] PHP Stack trace:
[17-Feb-2018 19:30:33 UTC] PHP   1. {main}() /home/ubuntu/workspace/elmanzo/lab2/index.php:0
[17-Feb-2018 19:30:33 UTC] PHP   2. play() /home/ubuntu/workspace/elmanzo/lab2/index.php:17
[17-Feb-2018 19:30:33 UTC] PHP   3. displaySymbol() /home/ubuntu/workspace/elmanzo/lab2/inc/functions.php:42
[17-Feb-2018 19:30:33 UTC] PHP Warning:  Missing argument 2 for displaySymbol(), called in /home/ubuntu/workspace/elmanzo/lab2/inc/functions.php on line 42 and defined in /home/ubuntu/workspace/elmanzo/lab2/inc/functions.php on line 2
[17-Feb-2018 19:30:33 UTC] PHP Stack trace:
[17-Feb-2018 19:30:33 UTC] PHP   1. {main}() /home/ubuntu/workspace/elmanzo/lab2/index.php:0
[17-Feb-2018 19:30:33 UTC] PHP   2. play() /home/ubuntu/workspace/elmanzo/lab2/index.php:17
[17-Feb-2018 19:30:33 UTC] PHP   3. displaySymbol() /home/ubuntu/workspace/elmanzo/lab2/inc/functions.php:42
[17-Feb-2018 19:30:33 UTC] PHP Warning:  Missing argument 2 for displaySymbol(), called in /home/ubuntu/workspace/elmanzo/lab2/inc/functions.php on line 42 and defined in /home/ubuntu/workspace/elmanzo/lab2/inc/functions.php on line 2
[17-Feb-2018 19:30:33 UTC] PHP Stack trace:
[17-Feb-2018 19:30:33 UTC] PHP   1. {main}() /home/ubuntu/workspace/elmanzo/lab2/index.php:0
[17-Feb-2018 19:30:33 UTC] PHP   2. play() /home/ubuntu/workspace/elmanzo/lab2/index.php:17
[17-Feb-2018 19:30:33 UTC] PHP   3. displaySymbol() /home/ubuntu/workspace/elmanzo/lab2/inc/functions.php:42
[17-Feb-2018 19:36:21 UTC] PHP Warning:  Missing argument 2 for displaySymbol(), called in /home/ubuntu/workspace/elmanzo/lab2/inc/functions.php on line 42 and defined in /home/ubuntu/workspace/elmanzo/lab2/inc/functions.php on line 2
[17-Feb-2018 19:36:21 UTC] PHP Stack trace:
[17-Feb-2018 19:36:21 UTC] PHP   1. {main}() /home/ubuntu/workspace/elmanzo/lab2/index.php:0
[17-Feb-2018 19:36:21 UTC] PHP   2. play() /home/ubuntu/workspace/elmanzo/lab2/index.php:17
[17-Feb-2018 19:36:21 UTC] PHP   3. displaySymbol() /home/ubuntu/workspace/elmanzo/lab2/inc/functions.php:42
[17-Feb-2018 19:36:21 UTC] PHP Warning:  Missing argument 2 for displaySymbol(), called in /home/ubuntu/workspace/elmanzo/lab2/inc/functions.php on line 42 and defined in /home/ubuntu/workspace/elmanzo/lab2/inc/functions.php on line 2
[17-Feb-2018 19:36:21 UTC] PHP Stack trace:
[17-Feb-2018 19:36:21 UTC] PHP   1. {main}() /home/ubuntu/workspace/elmanzo/lab2/index.php:0
[17-Feb-2018 19:36:21 UTC] PHP   2. play() /home/ubuntu/workspace/elmanzo/lab2/index.php:17
[17-Feb-2018 19:36:21 UTC] PHP   3. displaySymbol() /home/ubuntu/workspace/elmanzo/lab2/inc/functions.php:42
[17-Feb-2018 19:36:21 UTC] PHP Warning:  Missing argument 2 for displaySymbol(), called in /home/ubuntu/workspace/elmanzo/lab2/inc/functions.php on line 42 and defined in /home/ubuntu/workspace/elmanzo/lab2/inc/functions.php on line 2
[17-Feb-2018 19:36:21 UTC] PHP Stack trace:
[17-Feb-2018 19:36:21 UTC] PHP   1. {main}() /home/ubuntu/workspace/elmanzo/lab2/index.php:0
[17-Feb-2018 19:36:21 UTC] PHP   2. play() /home/ubuntu/workspace/elmanzo/lab2/index.php:17
[17-Feb-2018 19:36:21 UTC] PHP   3. displaySymbol() /home/ubuntu/workspace/elmanzo/lab2/inc/functions.php:42
[17-Feb-2018 19:36:25 UTC] PHP Warning:  Missing argument 2 for displaySymbol(), called in /home/ubuntu/workspace/elmanzo/lab2/inc/functions.php on line 42 and defined in /home/ubuntu/workspace/elmanzo/lab2/inc/functions.php on line 2
[17-Feb-2018 19:36:25 UTC] PHP Stack trace:
[17-Feb-2018 19:36:25 UTC] PHP   1. {main}() /home/ubuntu/workspace/elmanzo/lab2/index.php:0
[17-Feb-2018 19:36:25 UTC] PHP   2. play() /home/ubuntu/workspace/elmanzo/lab2/index.php:17
[17-Feb-2018 19:36:25 UTC] PHP   3. displaySymbol() /home/ubuntu/workspace/elmanzo/lab2/inc/functions.php:42
[17-Feb-2018 19:36:25 UTC] PHP Warning:  Missing argument 2 for displaySymbol(), called in /home/ubuntu/workspace/elmanzo/lab2/inc/functions.php on line 42 and defined in /home/ubuntu/workspace/elmanzo/lab2/inc/functions.php on line 2
[17-Feb-2018 19:36:25 UTC] PHP Stack trace:
[17-Feb-2018 19:36:25 UTC] PHP   1. {main}() /home/ubuntu/workspace/elmanzo/lab2/index.php:0
[17-Feb-2018 19:36:25 UTC] PHP   2. play() /home/ubuntu/workspace/elmanzo/lab2/index.php:17
[17-Feb-2018 19:36:25 UTC] PHP   3. displaySymbol() /home/ubuntu/workspace/elmanzo/lab2/inc/functions.php:42
[17-Feb-2018 19:36:25 UTC] PHP Warning:  Missing argument 2 for displaySymbol(), called in /home/ubuntu/workspace/elmanzo/lab2/inc/functions.php on line 42 and defined in /home/ubuntu/workspace/elmanzo/lab2/inc/functions.php on line 2
[17-Feb-2018 19:36:25 UTC] PHP Stack trace:
[17-Feb-2018 19:36:25 UTC] PHP   1. {main}() /home/ubuntu/workspace/elmanzo/lab2/index.php:0
[17-Feb-2018 19:36:25 UTC] PHP   2. play() /home/ubuntu/workspace/elmanzo/lab2/index.php:17
[17-Feb-2018 19:36:25 UTC] PHP   3. displaySymbol() /home/ubuntu/workspace/elmanzo/lab2/inc/functions.php:42
[17-Feb-2018 19:37:10 UTC] PHP Parse error:  syntax error, unexpected '}' in /home/ubuntu/workspace/elmanzo/lab2/inc/functions.php on line 16
[17-Feb-2018 19:37:10 UTC] PHP Stack trace:
[17-Feb-2018 19:37:10 UTC] PHP   1. {main}() /home/ubuntu/workspace/elmanzo/lab2/index.php:0
[17-Feb-2018 19:37:11 UTC] PHP Parse error:  syntax error, unexpected '}' in /home/ubuntu/workspace/elmanzo/lab2/inc/functions.php on line 16
[17-Feb-2018 19:37:11 UTC] PHP Stack trace:
[17-Feb-2018 19:37:11 UTC] PHP   1. {main}() /home/ubuntu/workspace/elmanzo/lab2/index.php:0
